# JRE version: OpenJDK Runtime Environment Temurin-21.0.11+10 (21.0.11+10) (build 21.0.11+10-LTS)
# Java VM: OpenJDK 64-Bit Server VM Temurin-21.0.11+10 (21.0.11+10-LTS, mixed mode, sharing, tiered, compressed oops, compressed class ptrs, g1 gc, windows-amd64)
GC Precious Log:
 CardTable entry size: 512
 Card Set container configuration: InlinePtr #cards 5 size 8 Array Of Cards #cards 12 size 40 Howl #buckets 4 coarsen threshold 1843 Howl Bitmap #cards 512 size 80 coarsen threshold 460 Card regions per heap region 1 cards per card region 2048
 CPUs: 8 total, 8 available
 Memory: 7379M
 Large Page Support: Disabled
 NUMA Support: Disabled
 Compressed Oops: Enabled (32-bit)
 Heap Region Size: 1M
 Heap Min Capacity: 8M
 Heap Initial Capacity: 116M
 Heap Max Capacity: 1846M
 Pre-touch: Disabled
 Parallel Workers: 8
 Concurrent Workers: 2
 Concurrent Refinement Workers: 8
 Periodic GC: Disabled
Heap:
 garbage-first heap   total 84992K, used 59369K [0x000000008ca00000, 0x0000000100000000)
  region size 1024K, 11 young (11264K), 1 survivors (1024K)
 Metaspace       used 90105K, committed 90944K, reserved 1179648K
  class space    used 12510K, committed 12864K, reserved 1048576K
GC Heap History (20 events):
Event: 14.966 GC heap before
{Heap before GC invocations=11 (full 0):
 garbage-first heap   total 65536K, used 58661K [0x000000008ca00000, 0x0000000100000000)
  region size 1024K, 29 young (29696K), 4 survivors (4096K)
 Metaspace       used 40576K, committed 41088K, reserved 1114112K
  class space    used 5341K, committed 5568K, reserved 1048576K
}
Event: 14.983 GC heap after
{Heap after GC invocations=12 (full 0):
 garbage-first heap   total 68608K, used 31732K [0x000000008ca00000, 0x0000000100000000)
  region size 1024K, 4 young (4096K), 4 survivors (4096K)
 Metaspace       used 40576K, committed 41088K, reserved 1114112K
  class space    used 5341K, committed 5568K, reserved 1048576K
}
Event: 16.907 GC heap before
{Heap before GC invocations=12 (full 0):
 garbage-first heap   total 68608K, used 55284K [0x000000008ca00000, 0x0000000100000000)
  region size 1024K, 28 young (28672K), 4 survivors (4096K)
 Metaspace       used 46519K, committed 47104K, reserved 1114112K
  class space    used 6226K, committed 6464K, reserved 1048576K
}
Event: 16.912 GC heap after
{Heap after GC invocations=13 (full 0):
 garbage-first heap   total 82944K, used 34202K [0x000000008ca00000, 0x0000000100000000)
  region size 1024K, 3 young (3072K), 3 survivors (3072K)
 Metaspace       used 46519K, committed 47104K, reserved 1114112K
  class space    used 6226K, committed 6464K, reserved 1048576K
}
Event: 20.678 GC heap before
{Heap before GC invocations=13 (full 0):
 garbage-first heap   total 82944K, used 67994K [0x000000008ca00000, 0x0000000100000000)
  region size 1024K, 37 young (37888K), 3 survivors (3072K)
 Metaspace       used 57545K, committed 58176K, reserved 1114112K
  class space    used 7851K, committed 8128K, reserved 1048576K
}
Event: 20.682 GC heap after
{Heap after GC invocations=14 (full 0):
 garbage-first heap   total 82944K, used 36768K [0x000000008ca00000, 0x0000000100000000)
  region size 1024K, 5 young (5120K), 5 survivors (5120K)
 Metaspace       used 57545K, committed 58176K, reserved 1114112K
  class space    used 7851K, committed 8128K, reserved 1048576K
}
Event: 20.932 GC heap before
{Heap before GC invocations=14 (full 0):
 garbage-first heap   total 82944K, used 42912K [0x000000008ca00000, 0x0000000100000000)
  region size 1024K, 12 young (12288K), 5 survivors (5120K)
 Metaspace       used 59471K, committed 60096K, reserved 1114112K
  class space    used 8113K, committed 8384K, reserved 1048576K
}
Event: 20.936 GC heap after
{Heap after GC invocations=15 (full 0):
 garbage-first heap   total 82944K, used 37022K [0x000000008ca00000, 0x0000000100000000)
  region size 1024K, 3 young (3072K), 3 survivors (3072K)
 Metaspace       used 59471K, committed 60096K, reserved 1114112K
  class space    used 8113K, committed 8384K, reserved 1048576K
}
Event: 22.248 GC heap before
{Heap before GC invocations=16 (full 0):
 garbage-first heap   total 82944K, used 70814K [0x000000008ca00000, 0x0000000100000000)
  region size 1024K, 37 young (37888K), 3 survivors (3072K)
 Metaspace       used 68990K, committed 69696K, reserved 1114112K
  class space    used 9549K, committed 9856K, reserved 1048576K
}
Event: 22.252 GC heap after
{Heap after GC invocations=17 (full 0):
 garbage-first heap   total 82944K, used 38752K [0x000000008ca00000, 0x0000000100000000)
  region size 1024K, 2 young (2048K), 2 survivors (2048K)
 Metaspace       used 68990K, committed 69696K, reserved 1114112K
  class space    used 9549K, committed 9856K, reserved 1048576K
}
Event: 26.061 GC heap before
{Heap before GC invocations=17 (full 0):
 garbage-first heap   total 82944K, used 73568K [0x000000008ca00000, 0x0000000100000000)
  region size 1024K, 36 young (36864K), 2 survivors (2048K)
 Metaspace       used 76785K, committed 77504K, reserved 1179648K
  class space    used 10692K, committed 11008K, reserved 1048576K
}
Event: 26.070 GC heap after
{Heap after GC invocations=18 (full 0):
 garbage-first heap   total 82944K, used 41059K [0x000000008ca00000, 0x0000000100000000)
  region size 1024K, 5 young (5120K), 5 survivors (5120K)
 Metaspace       used 76785K, committed 77504K, reserved 1179648K
  class space    used 10692K, committed 11008K, reserved 1048576K
}
Event: 27.911 GC heap before
{Heap before GC invocations=18 (full 0):
 garbage-first heap   total 82944K, used 73827K [0x000000008ca00000, 0x0000000100000000)
  region size 1024K, 37 young (37888K), 5 survivors (5120K)
 Metaspace       used 81175K, committed 81920K, reserved 1179648K
  class space    used 11282K, committed 11584K, reserved 1048576K
}
Event: 27.917 GC heap after
{Heap after GC invocations=19 (full 0):
 garbage-first heap   total 82944K, used 43652K [0x000000008ca00000, 0x0000000100000000)
  region size 1024K, 5 young (5120K), 5 survivors (5120K)
 Metaspace       used 81175K, committed 81920K, reserved 1179648K
  class space    used 11282K, committed 11584K, reserved 1048576K
}
Event: 28.845 GC heap before
{Heap before GC invocations=19 (full 0):
 garbage-first heap   total 82944K, used 73348K [0x000000008ca00000, 0x0000000100000000)
  region size 1024K, 35 young (35840K), 5 survivors (5120K)
 Metaspace       used 84738K, committed 85632K, reserved 1179648K
  class space    used 11764K, committed 12160K, reserved 1048576K
}
Event: 28.852 GC heap after
{Heap after GC invocations=20 (full 0):
 garbage-first heap   total 84992K, used 48848K [0x000000008ca00000, 0x0000000100000000)
  region size 1024K, 5 young (5120K), 5 survivors (5120K)
 Metaspace       used 84738K, committed 85632K, reserved 1179648K
  class space    used 11764K, committed 12160K, reserved 1048576K
}
Event: 86.503 GC heap before
{Heap before GC invocations=21 (full 0):
 garbage-first heap   total 84992K, used 75472K [0x000000008ca00000, 0x0000000100000000)
  region size 1024K, 31 young (31744K), 5 survivors (5120K)
 Metaspace       used 89528K, committed 90368K, reserved 1179648K
  class space    used 12503K, committed 12864K, reserved 1048576K
}
Event: 86.595 GC heap after
{Heap after GC invocations=22 (full 0):
 garbage-first heap   total 84992K, used 50458K [0x000000008ca00000, 0x0000000100000000)
  region size 1024K, 3 young (3072K), 3 survivors (3072K)
 Metaspace       used 89528K, committed 90368K, reserved 1179648K
  class space    used 12503K, committed 12864K, reserved 1048576K
}
Event: 1087.524 GC heap before
{Heap before GC invocations=22 (full 0):
 garbage-first heap   total 84992K, used 75034K [0x000000008ca00000, 0x0000000100000000)
  region size 1024K, 27 young (27648K), 3 survivors (3072K)
 Metaspace       used 89971K, committed 90816K, reserved 1179648K
  class space    used 12504K, committed 12864K, reserved 1048576K
}
Event: 1087.849 GC heap after
{Heap after GC invocations=23 (full 0):
 garbage-first heap   total 84992K, used 50153K [0x000000008ca00000, 0x0000000100000000)
  region size 1024K, 1 young (1024K), 1 survivors (1024K)
 Metaspace       used 89971K, committed 90816K, reserved 1179648K
  class space    used 12504K, committed 12864K, reserved 1048576K
}

