# JRE version: OpenJDK Runtime Environment Temurin-21.0.11+10 (21.0.11+10) (build 21.0.11+10-LTS)
# Java VM: OpenJDK 64-Bit Server VM Temurin-21.0.11+10 (21.0.11+10-LTS, mixed mode, sharing, tiered, compressed oops, compressed class ptrs, g1 gc, windows-amd64)
GC Precious Log:
 CardTable entry size: 512
 Card Set container configuration: InlinePtr #cards 5 size 8 Array Of Cards #cards 12 size 40 Howl #buckets 4 coarsen threshold 1843 Howl Bitmap #cards 512 size 80 coarsen threshold 460 Card regions per heap region 1 cards per card region 2048
 CPUs: 8 total, 8 available
 Memory: 7379M
 Large Page Support: Disabled
 NUMA Support: Disabled
 Compressed Oops: Enabled (32-bit)
 Heap Region Size: 1M
 Heap Min Capacity: 8M
 Heap Initial Capacity: 116M
 Heap Max Capacity: 1846M
 Pre-touch: Disabled
 Parallel Workers: 8
 Concurrent Workers: 2
 Concurrent Refinement Workers: 8
 Periodic GC: Disabled
Heap:
 garbage-first heap   total 83968K, used 55466K [0x000000008ca00000, 0x0000000100000000)
  region size 1024K, 8 young (8192K), 1 survivors (1024K)
 Metaspace       used 87220K, committed 88064K, reserved 1179648K
  class space    used 12066K, committed 12480K, reserved 1048576K
GC Heap History (20 events):
Event: 5.733 GC heap before
{Heap before GC invocations=7 (full 0):
 garbage-first heap   total 68608K, used 50469K [0x000000008ca00000, 0x0000000100000000)
  region size 1024K, 30 young (30720K), 3 survivors (3072K)
 Metaspace       used 35644K, committed 36096K, reserved 1114112K
  class space    used 4667K, committed 4864K, reserved 1048576K
}
Event: 5.739 GC heap after
{Heap after GC invocations=8 (full 0):
 garbage-first heap   total 68608K, used 26186K [0x000000008ca00000, 0x0000000100000000)
  region size 1024K, 4 young (4096K), 4 survivors (4096K)
 Metaspace       used 35644K, committed 36096K, reserved 1114112K
  class space    used 4667K, committed 4864K, reserved 1048576K
}
Event: 6.861 GC heap before
{Heap before GC invocations=9 (full 0):
 garbage-first heap   total 68608K, used 59978K [0x000000008ca00000, 0x0000000100000000)
  region size 1024K, 33 young (33792K), 4 survivors (4096K)
 Metaspace       used 37978K, committed 38528K, reserved 1114112K
  class space    used 5005K, committed 5248K, reserved 1048576K
}
Event: 6.869 GC heap after
{Heap after GC invocations=10 (full 0):
 garbage-first heap   total 83968K, used 29791K [0x000000008ca00000, 0x0000000100000000)
  region size 1024K, 5 young (5120K), 5 survivors (5120K)
 Metaspace       used 37978K, committed 38528K, reserved 1114112K
  class space    used 5005K, committed 5248K, reserved 1048576K
}
Event: 9.192 GC heap before
{Heap before GC invocations=10 (full 0):
 garbage-first heap   total 83968K, used 67679K [0x000000008ca00000, 0x0000000100000000)
  region size 1024K, 42 young (43008K), 5 survivors (5120K)
 Metaspace       used 45149K, committed 45824K, reserved 1114112K
  class space    used 6114K, committed 6400K, reserved 1048576K
}
Event: 9.201 GC heap after
{Heap after GC invocations=11 (full 0):
 garbage-first heap   total 83968K, used 34645K [0x000000008ca00000, 0x0000000100000000)
  region size 1024K, 6 young (6144K), 6 survivors (6144K)
 Metaspace       used 45149K, committed 45824K, reserved 1114112K
  class space    used 6114K, committed 6400K, reserved 1048576K
}
Event: 13.420 GC heap before
{Heap before GC invocations=11 (full 0):
 garbage-first heap   total 83968K, used 69461K [0x000000008ca00000, 0x0000000100000000)
  region size 1024K, 40 young (40960K), 6 survivors (6144K)
 Metaspace       used 56235K, committed 56832K, reserved 1114112K
  class space    used 7694K, committed 7936K, reserved 1048576K
}
Event: 13.425 GC heap after
{Heap after GC invocations=12 (full 0):
 garbage-first heap   total 83968K, used 37981K [0x000000008ca00000, 0x0000000100000000)
  region size 1024K, 3 young (3072K), 3 survivors (3072K)
 Metaspace       used 56235K, committed 56832K, reserved 1114112K
  class space    used 7694K, committed 7936K, reserved 1048576K
}
Event: 13.884 GC heap before
{Heap before GC invocations=12 (full 0):
 garbage-first heap   total 83968K, used 52317K [0x000000008ca00000, 0x0000000100000000)
  region size 1024K, 18 young (18432K), 3 survivors (3072K)
 Metaspace       used 59792K, committed 60416K, reserved 1114112K
  class space    used 8143K, committed 8384K, reserved 1048576K
}
Event: 13.888 GC heap after
{Heap after GC invocations=13 (full 0):
 garbage-first heap   total 83968K, used 38494K [0x000000008ca00000, 0x0000000100000000)
  region size 1024K, 4 young (4096K), 4 survivors (4096K)
 Metaspace       used 59792K, committed 60416K, reserved 1114112K
  class space    used 8143K, committed 8384K, reserved 1048576K
}
Event: 15.053 GC heap before
{Heap before GC invocations=14 (full 0):
 garbage-first heap   total 83968K, used 71262K [0x000000008ca00000, 0x0000000100000000)
  region size 1024K, 37 young (37888K), 4 survivors (4096K)
 Metaspace       used 69791K, committed 70464K, reserved 1114112K
  class space    used 9723K, committed 9984K, reserved 1048576K
}
Event: 15.057 GC heap after
{Heap after GC invocations=15 (full 0):
 garbage-first heap   total 83968K, used 39887K [0x000000008ca00000, 0x0000000100000000)
  region size 1024K, 3 young (3072K), 3 survivors (3072K)
 Metaspace       used 69791K, committed 70464K, reserved 1114112K
  class space    used 9723K, committed 9984K, reserved 1048576K
}
Event: 17.572 GC heap before
{Heap before GC invocations=15 (full 0):
 garbage-first heap   total 83968K, used 73679K [0x000000008ca00000, 0x0000000100000000)
  region size 1024K, 36 young (36864K), 3 survivors (3072K)
 Metaspace       used 76844K, committed 77632K, reserved 1179648K
  class space    used 10661K, committed 11008K, reserved 1048576K
}
Event: 17.577 GC heap after
{Heap after GC invocations=16 (full 0):
 garbage-first heap   total 83968K, used 41255K [0x000000008ca00000, 0x0000000100000000)
  region size 1024K, 5 young (5120K), 5 survivors (5120K)
 Metaspace       used 76844K, committed 77632K, reserved 1179648K
  class space    used 10661K, committed 11008K, reserved 1048576K
}
Event: 19.763 GC heap before
{Heap before GC invocations=16 (full 0):
 garbage-first heap   total 83968K, used 74023K [0x000000008ca00000, 0x0000000100000000)
  region size 1024K, 37 young (37888K), 5 survivors (5120K)
 Metaspace       used 81373K, committed 82240K, reserved 1179648K
  class space    used 11271K, committed 11648K, reserved 1048576K
}
Event: 19.770 GC heap after
{Heap after GC invocations=17 (full 0):
 garbage-first heap   total 83968K, used 44703K [0x000000008ca00000, 0x0000000100000000)
  region size 1024K, 4 young (4096K), 4 survivors (4096K)
 Metaspace       used 81373K, committed 82240K, reserved 1179648K
  class space    used 11271K, committed 11648K, reserved 1048576K
}
Event: 21.730 GC heap before
{Heap before GC invocations=17 (full 0):
 garbage-first heap   total 83968K, used 73375K [0x000000008ca00000, 0x0000000100000000)
  region size 1024K, 33 young (33792K), 4 survivors (4096K)
 Metaspace       used 86529K, committed 87424K, reserved 1179648K
  class space    used 11984K, committed 12416K, reserved 1048576K
}
Event: 21.738 GC heap after
{Heap after GC invocations=18 (full 0):
 garbage-first heap   total 83968K, used 48838K [0x000000008ca00000, 0x0000000100000000)
  region size 1024K, 5 young (5120K), 5 survivors (5120K)
 Metaspace       used 86529K, committed 87424K, reserved 1179648K
  class space    used 11984K, committed 12416K, reserved 1048576K
}
Event: 1153.832 GC heap before
{Heap before GC invocations=19 (full 0):
 garbage-first heap   total 83968K, used 74438K [0x000000008ca00000, 0x0000000100000000)
  region size 1024K, 30 young (30720K), 5 survivors (5120K)
 Metaspace       used 87138K, committed 88000K, reserved 1179648K
  class space    used 12066K, committed 12480K, reserved 1048576K
}
Event: 1154.049 GC heap after
{Heap after GC invocations=20 (full 0):
 garbage-first heap   total 83968K, used 49322K [0x000000008ca00000, 0x0000000100000000)
  region size 1024K, 1 young (1024K), 1 survivors (1024K)
 Metaspace       used 87138K, committed 88000K, reserved 1179648K
  class space    used 12066K, committed 12480K, reserved 1048576K
}

