# JRE version: OpenJDK Runtime Environment Temurin-21.0.11+10 (21.0.11+10) (build 21.0.11+10-LTS)
# Java VM: OpenJDK 64-Bit Server VM Temurin-21.0.11+10 (21.0.11+10-LTS, mixed mode, sharing, tiered, compressed oops, compressed class ptrs, g1 gc, windows-amd64)
GC Precious Log:
 CardTable entry size: 512
 Card Set container configuration: InlinePtr #cards 5 size 8 Array Of Cards #cards 12 size 40 Howl #buckets 4 coarsen threshold 1843 Howl Bitmap #cards 512 size 80 coarsen threshold 460 Card regions per heap region 1 cards per card region 2048
 CPUs: 8 total, 8 available
 Memory: 7379M
 Large Page Support: Disabled
 NUMA Support: Disabled
 Compressed Oops: Enabled (32-bit)
 Heap Region Size: 1M
 Heap Min Capacity: 8M
 Heap Initial Capacity: 116M
 Heap Max Capacity: 1846M
 Pre-touch: Disabled
 Parallel Workers: 8
 Concurrent Workers: 2
 Concurrent Refinement Workers: 8
 Periodic GC: Disabled
Heap:
 garbage-first heap   total 83968K, used 56457K [0x000000008ca00000, 0x0000000100000000)
  region size 1024K, 9 young (9216K), 2 survivors (2048K)
 Metaspace       used 89808K, committed 90688K, reserved 1179648K
  class space    used 12511K, committed 12864K, reserved 1048576K
GC Heap History (20 events):
Event: 6.148 GC heap before
{Heap before GC invocations=7 (full 0):
 garbage-first heap   total 68608K, used 52146K [0x000000008ca00000, 0x0000000100000000)
  region size 1024K, 34 young (34816K), 5 survivors (5120K)
 Metaspace       used 35477K, committed 35968K, reserved 1114112K
  class space    used 4624K, committed 4864K, reserved 1048576K
}
Event: 6.152 GC heap after
{Heap after GC invocations=8 (full 0):
 garbage-first heap   total 68608K, used 25459K [0x000000008ca00000, 0x0000000100000000)
  region size 1024K, 5 young (5120K), 5 survivors (5120K)
 Metaspace       used 35477K, committed 35968K, reserved 1114112K
  class space    used 4624K, committed 4864K, reserved 1048576K
}
Event: 7.639 GC heap before
{Heap before GC invocations=9 (full 0):
 garbage-first heap   total 68608K, used 57203K [0x000000008ca00000, 0x0000000100000000)
  region size 1024K, 35 young (35840K), 5 survivors (5120K)
 Metaspace       used 39887K, committed 40384K, reserved 1114112K
  class space    used 5263K, committed 5504K, reserved 1048576K
}
Event: 7.646 GC heap after
{Heap after GC invocations=10 (full 0):
 garbage-first heap   total 82944K, used 30884K [0x000000008ca00000, 0x0000000100000000)
  region size 1024K, 5 young (5120K), 5 survivors (5120K)
 Metaspace       used 39887K, committed 40384K, reserved 1114112K
  class space    used 5263K, committed 5504K, reserved 1048576K
}
Event: 8.761 GC heap before
{Heap before GC invocations=10 (full 0):
 garbage-first heap   total 82944K, used 71844K [0x000000008ca00000, 0x0000000100000000)
  region size 1024K, 42 young (43008K), 5 survivors (5120K)
 Metaspace       used 43837K, committed 44416K, reserved 1114112K
  class space    used 5756K, committed 6016K, reserved 1048576K
}
Event: 8.766 GC heap after
{Heap after GC invocations=11 (full 0):
 garbage-first heap   total 83968K, used 33509K [0x000000008ca00000, 0x0000000100000000)
  region size 1024K, 4 young (4096K), 4 survivors (4096K)
 Metaspace       used 43837K, committed 44416K, reserved 1114112K
  class space    used 5756K, committed 6016K, reserved 1048576K
}
Event: 11.003 GC heap before
{Heap before GC invocations=11 (full 0):
 garbage-first heap   total 83968K, used 69349K [0x000000008ca00000, 0x0000000100000000)
  region size 1024K, 40 young (40960K), 4 survivors (4096K)
 Metaspace       used 55475K, committed 56128K, reserved 1114112K
  class space    used 7617K, committed 7936K, reserved 1048576K
}
Event: 11.007 GC heap after
{Heap after GC invocations=12 (full 0):
 garbage-first heap   total 83968K, used 36581K [0x000000008ca00000, 0x0000000100000000)
  region size 1024K, 3 young (3072K), 3 survivors (3072K)
 Metaspace       used 55475K, committed 56128K, reserved 1114112K
  class space    used 7617K, committed 7936K, reserved 1048576K
}
Event: 13.349 GC heap before
{Heap before GC invocations=12 (full 0):
 garbage-first heap   total 83968K, used 49893K [0x000000008ca00000, 0x0000000100000000)
  region size 1024K, 17 young (17408K), 3 survivors (3072K)
 Metaspace       used 59459K, committed 60096K, reserved 1114112K
  class space    used 8115K, committed 8384K, reserved 1048576K
}
Event: 13.353 GC heap after
{Heap after GC invocations=13 (full 0):
 garbage-first heap   total 83968K, used 37105K [0x000000008ca00000, 0x0000000100000000)
  region size 1024K, 4 young (4096K), 4 survivors (4096K)
 Metaspace       used 59459K, committed 60096K, reserved 1114112K
  class space    used 8115K, committed 8384K, reserved 1048576K
}
Event: 14.870 GC heap before
{Heap before GC invocations=14 (full 0):
 garbage-first heap   total 83968K, used 72945K [0x000000008ca00000, 0x0000000100000000)
  region size 1024K, 39 young (39936K), 4 survivors (4096K)
 Metaspace       used 69136K, committed 69888K, reserved 1114112K
  class space    used 9593K, committed 9920K, reserved 1048576K
}
Event: 14.875 GC heap after
{Heap after GC invocations=15 (full 0):
 garbage-first heap   total 83968K, used 38839K [0x000000008ca00000, 0x0000000100000000)
  region size 1024K, 3 young (3072K), 3 survivors (3072K)
 Metaspace       used 69136K, committed 69888K, reserved 1114112K
  class space    used 9593K, committed 9920K, reserved 1048576K
}
Event: 17.719 GC heap before
{Heap before GC invocations=15 (full 0):
 garbage-first heap   total 83968K, used 74679K [0x000000008ca00000, 0x0000000100000000)
  region size 1024K, 38 young (38912K), 3 survivors (3072K)
 Metaspace       used 77359K, committed 78080K, reserved 1179648K
  class space    used 10758K, committed 11072K, reserved 1048576K
}
Event: 17.724 GC heap after
{Heap after GC invocations=16 (full 0):
 garbage-first heap   total 83968K, used 41118K [0x000000008ca00000, 0x0000000100000000)
  region size 1024K, 5 young (5120K), 5 survivors (5120K)
 Metaspace       used 77359K, committed 78080K, reserved 1179648K
  class space    used 10758K, committed 11072K, reserved 1048576K
}
Event: 19.341 GC heap before
{Heap before GC invocations=16 (full 0):
 garbage-first heap   total 83968K, used 74910K [0x000000008ca00000, 0x0000000100000000)
  region size 1024K, 38 young (38912K), 5 survivors (5120K)
 Metaspace       used 81767K, committed 82560K, reserved 1179648K
  class space    used 11369K, committed 11712K, reserved 1048576K
}
Event: 19.346 GC heap after
{Heap after GC invocations=17 (full 0):
 garbage-first heap   total 83968K, used 44106K [0x000000008ca00000, 0x0000000100000000)
  region size 1024K, 3 young (3072K), 3 survivors (3072K)
 Metaspace       used 81767K, committed 82560K, reserved 1179648K
  class space    used 11369K, committed 11712K, reserved 1048576K
}
Event: 21.107 GC heap before
{Heap before GC invocations=17 (full 0):
 garbage-first heap   total 83968K, used 73802K [0x000000008ca00000, 0x0000000100000000)
  region size 1024K, 33 young (33792K), 3 survivors (3072K)
 Metaspace       used 84904K, committed 85760K, reserved 1179648K
  class space    used 11783K, committed 12160K, reserved 1048576K
}
Event: 21.113 GC heap after
{Heap after GC invocations=18 (full 0):
 garbage-first heap   total 83968K, used 48478K [0x000000008ca00000, 0x0000000100000000)
  region size 1024K, 5 young (5120K), 5 survivors (5120K)
 Metaspace       used 84904K, committed 85760K, reserved 1179648K
  class space    used 11783K, committed 12160K, reserved 1048576K
}
Event: 205.491 GC heap before
{Heap before GC invocations=19 (full 0):
 garbage-first heap   total 83968K, used 75102K [0x000000008ca00000, 0x0000000100000000)
  region size 1024K, 31 young (31744K), 5 survivors (5120K)
 Metaspace       used 89664K, committed 90496K, reserved 1179648K
  class space    used 12507K, committed 12864K, reserved 1048576K
}
Event: 205.789 GC heap after
{Heap after GC invocations=20 (full 0):
 garbage-first heap   total 83968K, used 50313K [0x000000008ca00000, 0x0000000100000000)
  region size 1024K, 2 young (2048K), 2 survivors (2048K)
 Metaspace       used 89664K, committed 90496K, reserved 1179648K
  class space    used 12507K, committed 12864K, reserved 1048576K
}

