# JRE version: OpenJDK Runtime Environment Temurin-21.0.11+10 (21.0.11+10) (build 21.0.11+10-LTS)
# Java VM: OpenJDK 64-Bit Server VM Temurin-21.0.11+10 (21.0.11+10-LTS, mixed mode, sharing, tiered, compressed oops, compressed class ptrs, parallel gc, windows-amd64)
GC Precious Log:
 CardTable entry size: 512
 CPUs: 8 total, 8 available
 Memory: 7379M
 Large Page Support: Disabled
 NUMA Support: Disabled
 Compressed Oops: Enabled (32-bit)
 Alignments: Space 512K, Generation 512K, Heap 2M
 Heap Min Capacity: 100M
 Heap Initial Capacity: 100M
 Heap Max Capacity: 2G
 Pre-touch: Disabled
 Parallel Workers: 8
Heap:
 PSYoungGen      total 24064K, used 22505K [0x00000000d5580000, 0x00000000d7680000, 0x0000000100000000)
  eden space 23040K, 93% used [0x00000000d5580000,0x00000000d6a82570,0x00000000d6c00000)
  from space 1024K, 96% used [0x00000000d7580000,0x00000000d7678020,0x00000000d7680000)
  to   space 2048K, 0% used [0x00000000d7280000,0x00000000d7280000,0x00000000d7480000)
 ParOldGen       total 1295360K, used 721442K [0x0000000080000000, 0x00000000cf100000, 0x00000000d5580000)
  object space 1295360K, 55% used [0x0000000080000000,0x00000000ac088880,0x00000000cf100000)
 Metaspace       used 108173K, committed 110592K, reserved 1179648K
  class space    used 11170K, committed 12224K, reserved 1048576K
GC Heap History (20 events):
Event: 6860.038 GC heap before
{Heap before GC invocations=3491 (full 6):
 PSYoungGen      total 29696K, used 24579K [0x00000000d5580000, 0x00000000d7380000, 0x0000000100000000)
  eden space 28160K, 87% used [0x00000000d5580000,0x00000000d6d78f78,0x00000000d7100000)
  from space 1536K, 2% used [0x00000000d7180000,0x00000000d7188000,0x00000000d7300000)
  to   space 512K, 0% used [0x00000000d7100000,0x00000000d7100000,0x00000000d7180000)
 ParOldGen       total 1295360K, used 687020K [0x0000000080000000, 0x00000000cf100000, 0x00000000d5580000)
  object space 1295360K, 53% used [0x0000000080000000,0x00000000a9eeb370,0x00000000cf100000)
 Metaspace       used 107154K, committed 109568K, reserved 1179648K
  class space    used 11060K, committed 12160K, reserved 1048576K
}
Event: 6860.558 GC heap after
{Heap after GC invocations=3491 (full 6):
 PSYoungGen      total 28160K, used 400K [0x00000000d5580000, 0x00000000d7200000, 0x0000000100000000)
  eden space 27648K, 0% used [0x00000000d5580000,0x00000000d5580000,0x00000000d7080000)
  from space 512K, 78% used [0x00000000d7100000,0x00000000d7164010,0x00000000d7180000)
  to   space 512K, 0% used [0x00000000d7180000,0x00000000d7180000,0x00000000d7200000)
 ParOldGen       total 1295360K, used 694700K [0x0000000080000000, 0x00000000cf100000, 0x00000000d5580000)
  object space 1295360K, 53% used [0x0000000080000000,0x00000000aa66b380,0x00000000cf100000)
 Metaspace       used 107154K, committed 109568K, reserved 1179648K
  class space    used 11060K, committed 12160K, reserved 1048576K
}
Event: 6940.476 GC heap before
{Heap before GC invocations=3492 (full 6):
 PSYoungGen      total 28160K, used 28044K [0x00000000d5580000, 0x00000000d7200000, 0x0000000100000000)
  eden space 27648K, 99% used [0x00000000d5580000,0x00000000d707f1a8,0x00000000d7080000)
  from space 512K, 78% used [0x00000000d7100000,0x00000000d7164010,0x00000000d7180000)
  to   space 512K, 0% used [0x00000000d7180000,0x00000000d7180000,0x00000000d7200000)
 ParOldGen       total 1295360K, used 694700K [0x0000000080000000, 0x00000000cf100000, 0x00000000d5580000)
  object space 1295360K, 53% used [0x0000000080000000,0x00000000aa66b380,0x00000000cf100000)
 Metaspace       used 107168K, committed 109568K, reserved 1179648K
  class space    used 11060K, committed 12160K, reserved 1048576K
}
Event: 6940.994 GC heap after
{Heap after GC invocations=3492 (full 6):
 PSYoungGen      total 27648K, used 256K [0x00000000d5580000, 0x00000000d7200000, 0x0000000100000000)
  eden space 27136K, 0% used [0x00000000d5580000,0x00000000d5580000,0x00000000d7000000)
  from space 512K, 50% used [0x00000000d7180000,0x00000000d71c0000,0x00000000d7200000)
  to   space 512K, 0% used [0x00000000d7100000,0x00000000d7100000,0x00000000d7180000)
 ParOldGen       total 1295360K, used 694812K [0x0000000080000000, 0x00000000cf100000, 0x00000000d5580000)
  object space 1295360K, 53% used [0x0000000080000000,0x00000000aa687380,0x00000000cf100000)
 Metaspace       used 107168K, committed 109568K, reserved 1179648K
  class space    used 11060K, committed 12160K, reserved 1048576K
}
Event: 7554.246 GC heap before
{Heap before GC invocations=3493 (full 6):
 PSYoungGen      total 27648K, used 27391K [0x00000000d5580000, 0x00000000d7200000, 0x0000000100000000)
  eden space 27136K, 99% used [0x00000000d5580000,0x00000000d6ffffb8,0x00000000d7000000)
  from space 512K, 50% used [0x00000000d7180000,0x00000000d71c0000,0x00000000d7200000)
  to   space 512K, 0% used [0x00000000d7100000,0x00000000d7100000,0x00000000d7180000)
 ParOldGen       total 1295360K, used 694812K [0x0000000080000000, 0x00000000cf100000, 0x00000000d5580000)
  object space 1295360K, 53% used [0x0000000080000000,0x00000000aa687380,0x00000000cf100000)
 Metaspace       used 107229K, committed 109632K, reserved 1179648K
  class space    used 11062K, committed 12160K, reserved 1048576K
}
Event: 7554.621 GC heap after
{Heap after GC invocations=3493 (full 6):
 PSYoungGen      total 27136K, used 480K [0x00000000d5580000, 0x00000000d7380000, 0x0000000100000000)
  eden space 26624K, 0% used [0x00000000d5580000,0x00000000d5580000,0x00000000d6f80000)
  from space 512K, 93% used [0x00000000d7100000,0x00000000d7178040,0x00000000d7180000)
  to   space 2048K, 0% used [0x00000000d7180000,0x00000000d7180000,0x00000000d7380000)
 ParOldGen       total 1295360K, used 695693K [0x0000000080000000, 0x00000000cf100000, 0x00000000d5580000)
  object space 1295360K, 53% used [0x0000000080000000,0x00000000aa7635c0,0x00000000cf100000)
 Metaspace       used 107229K, committed 109632K, reserved 1179648K
  class space    used 11062K, committed 12160K, reserved 1048576K
}
Event: 7562.322 GC heap before
{Heap before GC invocations=3494 (full 6):
 PSYoungGen      total 27136K, used 27104K [0x00000000d5580000, 0x00000000d7380000, 0x0000000100000000)
  eden space 26624K, 100% used [0x00000000d5580000,0x00000000d6f80000,0x00000000d6f80000)
  from space 512K, 93% used [0x00000000d7100000,0x00000000d7178040,0x00000000d7180000)
  to   space 2048K, 0% used [0x00000000d7180000,0x00000000d7180000,0x00000000d7380000)
 ParOldGen       total 1295360K, used 695693K [0x0000000080000000, 0x00000000cf100000, 0x00000000d5580000)
  object space 1295360K, 53% used [0x0000000080000000,0x00000000aa7635c0,0x00000000cf100000)
 Metaspace       used 107261K, committed 109696K, reserved 1179648K
  class space    used 11065K, committed 12160K, reserved 1048576K
}
Event: 7562.358 GC heap after
{Heap after GC invocations=3494 (full 6):
 PSYoungGen      total 28160K, used 1801K [0x00000000d5580000, 0x00000000d7380000, 0x0000000100000000)
  eden space 26112K, 0% used [0x00000000d5580000,0x00000000d5580000,0x00000000d6f00000)
  from space 2048K, 87% used [0x00000000d7180000,0x00000000d7342440,0x00000000d7380000)
  to   space 2048K, 0% used [0x00000000d6f80000,0x00000000d6f80000,0x00000000d7180000)
 ParOldGen       total 1295360K, used 696157K [0x0000000080000000, 0x00000000cf100000, 0x00000000d5580000)
  object space 1295360K, 53% used [0x0000000080000000,0x00000000aa7d7600,0x00000000cf100000)
 Metaspace       used 107261K, committed 109696K, reserved 1179648K
  class space    used 11065K, committed 12160K, reserved 1048576K
}
Event: 7887.013 GC heap before
{Heap before GC invocations=3495 (full 6):
 PSYoungGen      total 28160K, used 27913K [0x00000000d5580000, 0x00000000d7380000, 0x0000000100000000)
  eden space 26112K, 100% used [0x00000000d5580000,0x00000000d6f00000,0x00000000d6f00000)
  from space 2048K, 87% used [0x00000000d7180000,0x00000000d7342440,0x00000000d7380000)
  to   space 2048K, 0% used [0x00000000d6f80000,0x00000000d6f80000,0x00000000d7180000)
 ParOldGen       total 1295360K, used 696157K [0x0000000080000000, 0x00000000cf100000, 0x00000000d5580000)
  object space 1295360K, 53% used [0x0000000080000000,0x00000000aa7d7600,0x00000000cf100000)
 Metaspace       used 107270K, committed 109696K, reserved 1179648K
  class space    used 11065K, committed 12160K, reserved 1048576K
}
Event: 7887.429 GC heap after
{Heap after GC invocations=3495 (full 6):
 PSYoungGen      total 27648K, used 2046K [0x00000000d5580000, 0x00000000d8180000, 0x0000000100000000)
  eden space 25600K, 0% used [0x00000000d5580000,0x00000000d5580000,0x00000000d6e80000)
  from space 2048K, 99% used [0x00000000d6f80000,0x00000000d717f9b8,0x00000000d7180000)
  to   space 9728K, 0% used [0x00000000d7800000,0x00000000d7800000,0x00000000d8180000)
 ParOldGen       total 1295360K, used 702376K [0x0000000080000000, 0x00000000cf100000, 0x00000000d5580000)
  object space 1295360K, 54% used [0x0000000080000000,0x00000000aadea008,0x00000000cf100000)
 Metaspace       used 107270K, committed 109696K, reserved 1179648K
  class space    used 11065K, committed 12160K, reserved 1048576K
}
Event: 7889.627 GC heap before
{Heap before GC invocations=3496 (full 6):
 PSYoungGen      total 27648K, used 27646K [0x00000000d5580000, 0x00000000d8180000, 0x0000000100000000)
  eden space 25600K, 100% used [0x00000000d5580000,0x00000000d6e80000,0x00000000d6e80000)
  from space 2048K, 99% used [0x00000000d6f80000,0x00000000d717f9b8,0x00000000d7180000)
  to   space 9728K, 0% used [0x00000000d7800000,0x00000000d7800000,0x00000000d8180000)
 ParOldGen       total 1295360K, used 702376K [0x0000000080000000, 0x00000000cf100000, 0x00000000d5580000)
  object space 1295360K, 54% used [0x0000000080000000,0x00000000aadea008,0x00000000cf100000)
 Metaspace       used 107378K, committed 109760K, reserved 1179648K
  class space    used 11076K, committed 12160K, reserved 1048576K
}
Event: 7889.644 GC heap after
{Heap after GC invocations=3496 (full 6):
 PSYoungGen      total 27648K, used 2441K [0x00000000d5580000, 0x00000000d7a80000, 0x0000000100000000)
  eden space 25088K, 0% used [0x00000000d5580000,0x00000000d5580000,0x00000000d6e00000)
  from space 2560K, 95% used [0x00000000d7800000,0x00000000d7a62440,0x00000000d7a80000)
  to   space 4608K, 0% used [0x00000000d7180000,0x00000000d7180000,0x00000000d7600000)
 ParOldGen       total 1295360K, used 704114K [0x0000000080000000, 0x00000000cf100000, 0x00000000d5580000)
  object space 1295360K, 54% used [0x0000000080000000,0x00000000aaf9c9d8,0x00000000cf100000)
 Metaspace       used 107378K, committed 109760K, reserved 1179648K
  class space    used 11076K, committed 12160K, reserved 1048576K
}
Event: 8369.158 GC heap before
{Heap before GC invocations=3497 (full 6):
 PSYoungGen      total 27648K, used 27529K [0x00000000d5580000, 0x00000000d7a80000, 0x0000000100000000)
  eden space 25088K, 100% used [0x00000000d5580000,0x00000000d6e00000,0x00000000d6e00000)
  from space 2560K, 95% used [0x00000000d7800000,0x00000000d7a62440,0x00000000d7a80000)
  to   space 4608K, 0% used [0x00000000d7180000,0x00000000d7180000,0x00000000d7600000)
 ParOldGen       total 1295360K, used 704114K [0x0000000080000000, 0x00000000cf100000, 0x00000000d5580000)
  object space 1295360K, 54% used [0x0000000080000000,0x00000000aaf9c9d8,0x00000000cf100000)
 Metaspace       used 107410K, committed 109824K, reserved 1179648K
  class space    used 11079K, committed 12160K, reserved 1048576K
}
Event: 8369.550 GC heap after
{Heap after GC invocations=3497 (full 6):
 PSYoungGen      total 29184K, used 1412K [0x00000000d5580000, 0x00000000d7880000, 0x0000000100000000)
  eden space 24576K, 0% used [0x00000000d5580000,0x00000000d5580000,0x00000000d6d80000)
  from space 4608K, 30% used [0x00000000d7180000,0x00000000d72e1270,0x00000000d7600000)
  to   space 2560K, 0% used [0x00000000d7600000,0x00000000d7600000,0x00000000d7880000)
 ParOldGen       total 1295360K, used 706319K [0x0000000080000000, 0x00000000cf100000, 0x00000000d5580000)
  object space 1295360K, 54% used [0x0000000080000000,0x00000000ab1c3c98,0x00000000cf100000)
 Metaspace       used 107410K, committed 109824K, reserved 1179648K
  class space    used 11079K, committed 12160K, reserved 1048576K
}
Event: 8371.516 GC heap before
{Heap before GC invocations=3498 (full 6):
 PSYoungGen      total 29184K, used 25978K [0x00000000d5580000, 0x00000000d7880000, 0x0000000100000000)
  eden space 24576K, 99% used [0x00000000d5580000,0x00000000d6d7d5d8,0x00000000d6d80000)
  from space 4608K, 30% used [0x00000000d7180000,0x00000000d72e1270,0x00000000d7600000)
  to   space 2560K, 0% used [0x00000000d7600000,0x00000000d7600000,0x00000000d7880000)
 ParOldGen       total 1295360K, used 706319K [0x0000000080000000, 0x00000000cf100000, 0x00000000d5580000)
  object space 1295360K, 54% used [0x0000000080000000,0x00000000ab1c3c98,0x00000000cf100000)
 Metaspace       used 107410K, committed 109824K, reserved 1179648K
  class space    used 11079K, committed 12160K, reserved 1048576K
}
Event: 8371.527 GC heap after
{Heap after GC invocations=3498 (full 6):
 PSYoungGen      total 24576K, used 320K [0x00000000d5580000, 0x00000000d7680000, 0x0000000100000000)
  eden space 24064K, 0% used [0x00000000d5580000,0x00000000d5580000,0x00000000d6d00000)
  from space 512K, 62% used [0x00000000d7600000,0x00000000d7650040,0x00000000d7680000)
  to   space 1024K, 0% used [0x00000000d7480000,0x00000000d7480000,0x00000000d7580000)
 ParOldGen       total 1295360K, used 707413K [0x0000000080000000, 0x00000000cf100000, 0x00000000d5580000)
  object space 1295360K, 54% used [0x0000000080000000,0x00000000ab2d5600,0x00000000cf100000)
 Metaspace       used 107410K, committed 109824K, reserved 1179648K
  class space    used 11079K, committed 12160K, reserved 1048576K
}
Event: 8812.812 GC heap before
{Heap before GC invocations=3499 (full 6):
 PSYoungGen      total 24576K, used 24384K [0x00000000d5580000, 0x00000000d7680000, 0x0000000100000000)
  eden space 24064K, 100% used [0x00000000d5580000,0x00000000d6d00000,0x00000000d6d00000)
  from space 512K, 62% used [0x00000000d7600000,0x00000000d7650040,0x00000000d7680000)
  to   space 1024K, 0% used [0x00000000d7480000,0x00000000d7480000,0x00000000d7580000)
 ParOldGen       total 1295360K, used 707413K [0x0000000080000000, 0x00000000cf100000, 0x00000000d5580000)
  object space 1295360K, 54% used [0x0000000080000000,0x00000000ab2d5600,0x00000000cf100000)
 Metaspace       used 107416K, committed 109824K, reserved 1179648K
  class space    used 11079K, committed 12160K, reserved 1048576K
}
Event: 8813.318 GC heap after
{Heap after GC invocations=3499 (full 6):
 PSYoungGen      total 24576K, used 999K [0x00000000d5580000, 0x00000000d7680000, 0x0000000100000000)
  eden space 23552K, 0% used [0x00000000d5580000,0x00000000d5580000,0x00000000d6c80000)
  from space 1024K, 97% used [0x00000000d7480000,0x00000000d7579d20,0x00000000d7580000)
  to   space 1024K, 0% used [0x00000000d7580000,0x00000000d7580000,0x00000000d7680000)
 ParOldGen       total 1295360K, used 709722K [0x0000000080000000, 0x00000000cf100000, 0x00000000d5580000)
  object space 1295360K, 54% used [0x0000000080000000,0x00000000ab516868,0x00000000cf100000)
 Metaspace       used 107416K, committed 109824K, reserved 1179648K
  class space    used 11079K, committed 12160K, reserved 1048576K
}
Event: 8901.476 GC heap before
{Heap before GC invocations=3500 (full 6):
 PSYoungGen      total 24576K, used 21919K [0x00000000d5580000, 0x00000000d7680000, 0x0000000100000000)
  eden space 23552K, 88% used [0x00000000d5580000,0x00000000d69edfb0,0x00000000d6c80000)
  from space 1024K, 97% used [0x00000000d7480000,0x00000000d7579d20,0x00000000d7580000)
  to   space 1024K, 0% used [0x00000000d7580000,0x00000000d7580000,0x00000000d7680000)
 ParOldGen       total 1295360K, used 709722K [0x0000000080000000, 0x00000000cf100000, 0x00000000d5580000)
  object space 1295360K, 54% used [0x0000000080000000,0x00000000ab516868,0x00000000cf100000)
 Metaspace       used 108068K, committed 110464K, reserved 1179648K
  class space    used 11163K, committed 12224K, reserved 1048576K
}
Event: 8901.886 GC heap after
{Heap after GC invocations=3500 (full 6):
 PSYoungGen      total 24064K, used 992K [0x00000000d5580000, 0x00000000d7680000, 0x0000000100000000)
  eden space 23040K, 0% used [0x00000000d5580000,0x00000000d5580000,0x00000000d6c00000)
  from space 1024K, 96% used [0x00000000d7580000,0x00000000d7678020,0x00000000d7680000)
  to   space 2048K, 0% used [0x00000000d7280000,0x00000000d7280000,0x00000000d7480000)
 ParOldGen       total 1295360K, used 709922K [0x0000000080000000, 0x00000000cf100000, 0x00000000d5580000)
  object space 1295360K, 54% used [0x0000000080000000,0x00000000ab548870,0x00000000cf100000)
 Metaspace       used 108068K, committed 110464K, reserved 1179648K
  class space    used 11163K, committed 12224K, reserved 1048576K
}

