# JRE version: OpenJDK Runtime Environment Temurin-21.0.11+10 (21.0.11+10) (build 21.0.11+10-LTS)
# Java VM: OpenJDK 64-Bit Server VM Temurin-21.0.11+10 (21.0.11+10-LTS, mixed mode, sharing, tiered, compressed oops, compressed class ptrs, g1 gc, windows-amd64)
GC Precious Log:
 CardTable entry size: 512
 Card Set container configuration: InlinePtr #cards 5 size 8 Array Of Cards #cards 12 size 40 Howl #buckets 4 coarsen threshold 1843 Howl Bitmap #cards 512 size 80 coarsen threshold 460 Card regions per heap region 1 cards per card region 2048
 CPUs: 8 total, 8 available
 Memory: 7379M
 Large Page Support: Disabled
 NUMA Support: Disabled
 Compressed Oops: Enabled (32-bit)
 Heap Region Size: 1M
 Heap Min Capacity: 8M
 Heap Initial Capacity: 116M
 Heap Max Capacity: 1846M
 Pre-touch: Disabled
 Parallel Workers: 8
 Concurrent Workers: 2
 Concurrent Refinement Workers: 8
 Periodic GC: Disabled
Heap:
 garbage-first heap   total 83968K, used 66892K [0x000000008ca00000, 0x0000000100000000)
  region size 1024K, 19 young (19456K), 1 survivors (1024K)
 Metaspace       used 87288K, committed 88128K, reserved 1179648K
  class space    used 12067K, committed 12416K, reserved 1048576K
GC Heap History (20 events):
Event: 38.912 GC heap before
{Heap before GC invocations=9 (full 0):
 garbage-first heap   total 71680K, used 61939K [0x000000008ca00000, 0x0000000100000000)
  region size 1024K, 37 young (37888K), 5 survivors (5120K)
 Metaspace       used 37993K, committed 38528K, reserved 1114112K
  class space    used 5003K, committed 5248K, reserved 1048576K
}
Event: 38.920 GC heap after
{Heap after GC invocations=10 (full 0):
 garbage-first heap   total 74752K, used 31311K [0x000000008ca00000, 0x0000000100000000)
  region size 1024K, 5 young (5120K), 5 survivors (5120K)
 Metaspace       used 37993K, committed 38528K, reserved 1114112K
  class space    used 5003K, committed 5248K, reserved 1048576K
}
Event: 41.146 GC heap before
{Heap before GC invocations=10 (full 0):
 garbage-first heap   total 74752K, used 62031K [0x000000008ca00000, 0x0000000100000000)
  region size 1024K, 34 young (34816K), 5 survivors (5120K)
 Metaspace       used 43926K, committed 44544K, reserved 1114112K
  class space    used 5813K, committed 6080K, reserved 1048576K
}
Event: 41.151 GC heap after
{Heap after GC invocations=11 (full 0):
 garbage-first heap   total 74752K, used 33618K [0x000000008ca00000, 0x0000000100000000)
  region size 1024K, 2 young (2048K), 2 survivors (2048K)
 Metaspace       used 43926K, committed 44544K, reserved 1114112K
  class space    used 5813K, committed 6080K, reserved 1048576K
}
Event: 49.096 GC heap before
{Heap before GC invocations=11 (full 0):
 garbage-first heap   total 74752K, used 63314K [0x000000008ca00000, 0x0000000100000000)
  region size 1024K, 31 young (31744K), 2 survivors (2048K)
 Metaspace       used 53184K, committed 53760K, reserved 1114112K
  class space    used 7300K, committed 7552K, reserved 1048576K
}
Event: 49.099 GC heap after
{Heap after GC invocations=12 (full 0):
 garbage-first heap   total 74752K, used 36103K [0x000000008ca00000, 0x0000000100000000)
  region size 1024K, 4 young (4096K), 4 survivors (4096K)
 Metaspace       used 53184K, committed 53760K, reserved 1114112K
  class space    used 7300K, committed 7552K, reserved 1048576K
}
Event: 58.408 GC heap before
{Heap before GC invocations=12 (full 0):
 garbage-first heap   total 74752K, used 60679K [0x000000008ca00000, 0x0000000100000000)
  region size 1024K, 30 young (30720K), 4 survivors (4096K)
 Metaspace       used 59860K, committed 60416K, reserved 1114112K
  class space    used 8148K, committed 8384K, reserved 1048576K
}
Event: 58.413 GC heap after
{Heap after GC invocations=13 (full 0):
 garbage-first heap   total 74752K, used 37938K [0x000000008ca00000, 0x0000000100000000)
  region size 1024K, 2 young (2048K), 2 survivors (2048K)
 Metaspace       used 59860K, committed 60416K, reserved 1114112K
  class space    used 8148K, committed 8384K, reserved 1048576K
}
Event: 60.394 GC heap before
{Heap before GC invocations=14 (full 0):
 garbage-first heap   total 74752K, used 64562K [0x000000008ca00000, 0x0000000100000000)
  region size 1024K, 28 young (28672K), 2 survivors (2048K)
 Metaspace       used 67497K, committed 68096K, reserved 1114112K
  class space    used 9372K, committed 9600K, reserved 1048576K
}
Event: 60.397 GC heap after
{Heap after GC invocations=15 (full 0):
 garbage-first heap   total 74752K, used 38912K [0x000000008ca00000, 0x0000000100000000)
  region size 1024K, 3 young (3072K), 3 survivors (3072K)
 Metaspace       used 67497K, committed 68096K, reserved 1114112K
  class space    used 9372K, committed 9600K, reserved 1048576K
}
Event: 64.769 GC heap before
{Heap before GC invocations=15 (full 0):
 garbage-first heap   total 74752K, used 65536K [0x000000008ca00000, 0x0000000100000000)
  region size 1024K, 30 young (30720K), 3 survivors (3072K)
 Metaspace       used 73552K, committed 74240K, reserved 1114112K
  class space    used 10260K, committed 10560K, reserved 1048576K
}
Event: 64.775 GC heap after
{Heap after GC invocations=16 (full 0):
 garbage-first heap   total 74752K, used 40031K [0x000000008ca00000, 0x0000000100000000)
  region size 1024K, 4 young (4096K), 4 survivors (4096K)
 Metaspace       used 73552K, committed 74240K, reserved 1114112K
  class space    used 10260K, committed 10560K, reserved 1048576K
}
Event: 66.304 GC heap before
{Heap before GC invocations=16 (full 0):
 garbage-first heap   total 74752K, used 66655K [0x000000008ca00000, 0x0000000100000000)
  region size 1024K, 30 young (30720K), 4 survivors (4096K)
 Metaspace       used 78603K, committed 79424K, reserved 1179648K
  class space    used 10873K, committed 11264K, reserved 1048576K
}
Event: 66.310 GC heap after
{Heap after GC invocations=17 (full 0):
 garbage-first heap   total 74752K, used 42447K [0x000000008ca00000, 0x0000000100000000)
  region size 1024K, 3 young (3072K), 3 survivors (3072K)
 Metaspace       used 78603K, committed 79424K, reserved 1179648K
  class space    used 10873K, committed 11264K, reserved 1048576K
}
Event: 67.586 GC heap before
{Heap before GC invocations=18 (full 0):
 garbage-first heap   total 74752K, used 65999K [0x000000008ca00000, 0x0000000100000000)
  region size 1024K, 27 young (27648K), 3 survivors (3072K)
 Metaspace       used 81449K, committed 82240K, reserved 1179648K
  class space    used 11319K, committed 11648K, reserved 1048576K
}
Event: 67.593 GC heap after
{Heap after GC invocations=19 (full 0):
 garbage-first heap   total 75776K, used 48019K [0x000000008ca00000, 0x0000000100000000)
  region size 1024K, 4 young (4096K), 4 survivors (4096K)
 Metaspace       used 81449K, committed 82240K, reserved 1179648K
  class space    used 11319K, committed 11648K, reserved 1048576K
}
Event: 68.369 GC heap before
{Heap before GC invocations=19 (full 0):
 garbage-first heap   total 75776K, used 66451K [0x000000008ca00000, 0x0000000100000000)
  region size 1024K, 23 young (23552K), 4 survivors (4096K)
 Metaspace       used 85532K, committed 86400K, reserved 1179648K
  class space    used 11895K, committed 12288K, reserved 1048576K
}
Event: 68.374 GC heap after
{Heap after GC invocations=20 (full 0):
 garbage-first heap   total 75776K, used 48669K [0x000000008ca00000, 0x0000000100000000)
  region size 1024K, 3 young (3072K), 3 survivors (3072K)
 Metaspace       used 85532K, committed 86400K, reserved 1179648K
  class space    used 11895K, committed 12288K, reserved 1048576K
}
Event: 724.810 GC heap before
{Heap before GC invocations=20 (full 0):
 garbage-first heap   total 75776K, used 67101K [0x000000008ca00000, 0x0000000100000000)
  region size 1024K, 21 young (21504K), 3 survivors (3072K)
 Metaspace       used 87056K, committed 87936K, reserved 1179648K
  class space    used 12061K, committed 12416K, reserved 1048576K
}
Event: 725.111 GC heap after
{Heap after GC invocations=21 (full 0):
 garbage-first heap   total 75776K, used 49484K [0x000000008ca00000, 0x0000000100000000)
  region size 1024K, 1 young (1024K), 1 survivors (1024K)
 Metaspace       used 87056K, committed 87936K, reserved 1179648K
  class space    used 12061K, committed 12416K, reserved 1048576K
}

