# JRE version: OpenJDK Runtime Environment Temurin-21.0.11+10 (21.0.11+10) (build 21.0.11+10-LTS)
# Java VM: OpenJDK 64-Bit Server VM Temurin-21.0.11+10 (21.0.11+10-LTS, mixed mode, sharing, tiered, compressed oops, compressed class ptrs, g1 gc, windows-amd64)
GC Precious Log:
 CardTable entry size: 512
 Card Set container configuration: InlinePtr #cards 5 size 8 Array Of Cards #cards 12 size 40 Howl #buckets 4 coarsen threshold 1843 Howl Bitmap #cards 512 size 80 coarsen threshold 460 Card regions per heap region 1 cards per card region 2048
 CPUs: 8 total, 8 available
 Memory: 7379M
 Large Page Support: Disabled
 NUMA Support: Disabled
 Compressed Oops: Enabled (32-bit)
 Heap Region Size: 1M
 Heap Min Capacity: 8M
 Heap Initial Capacity: 116M
 Heap Max Capacity: 1846M
 Pre-touch: Disabled
 Parallel Workers: 8
 Concurrent Workers: 2
 Concurrent Refinement Workers: 8
 Periodic GC: Disabled
Heap:
 garbage-first heap   total 66560K, used 38745K [0x000000008ca00000, 0x0000000100000000)
  region size 1024K, 3 young (3072K), 2 survivors (2048K)
 Metaspace       used 59410K, committed 60288K, reserved 1114112K
  class space    used 8129K, committed 8512K, reserved 1048576K
GC Heap History (20 events):
Event: 7.729 GC heap before
{Heap before GC invocations=6 (full 0):
 garbage-first heap   total 55296K, used 42308K [0x000000008ca00000, 0x0000000100000000)
  region size 1024K, 25 young (25600K), 3 survivors (3072K)
 Metaspace       used 29460K, committed 29888K, reserved 1114112K
  class space    used 3780K, committed 3968K, reserved 1048576K
}
Event: 7.736 GC heap after
{Heap after GC invocations=7 (full 0):
 garbage-first heap   total 55296K, used 21504K [0x000000008ca00000, 0x0000000100000000)
  region size 1024K, 4 young (4096K), 4 survivors (4096K)
 Metaspace       used 29460K, committed 29888K, reserved 1114112K
  class space    used 3780K, committed 3968K, reserved 1048576K
}
Event: 9.134 GC heap before
{Heap before GC invocations=7 (full 0):
 garbage-first heap   total 55296K, used 45056K [0x000000008ca00000, 0x0000000100000000)
  region size 1024K, 27 young (27648K), 4 survivors (4096K)
 Metaspace       used 32552K, committed 33024K, reserved 1114112K
  class space    used 4285K, committed 4480K, reserved 1048576K
}
Event: 9.145 GC heap after
{Heap after GC invocations=8 (full 0):
 garbage-first heap   total 55296K, used 23552K [0x000000008ca00000, 0x0000000100000000)
  region size 1024K, 4 young (4096K), 4 survivors (4096K)
 Metaspace       used 32552K, committed 33024K, reserved 1114112K
  class space    used 4285K, committed 4480K, reserved 1048576K
}
Event: 9.720 GC heap before
{Heap before GC invocations=8 (full 0):
 garbage-first heap   total 55296K, used 34816K [0x000000008ca00000, 0x0000000100000000)
  region size 1024K, 16 young (16384K), 4 survivors (4096K)
 Metaspace       used 35634K, committed 36096K, reserved 1114112K
  class space    used 4733K, committed 4928K, reserved 1048576K
}
Event: 9.732 GC heap after
{Heap after GC invocations=9 (full 0):
 garbage-first heap   total 55296K, used 24593K [0x000000008ca00000, 0x0000000100000000)
  region size 1024K, 2 young (2048K), 2 survivors (2048K)
 Metaspace       used 35634K, committed 36096K, reserved 1114112K
  class space    used 4733K, committed 4928K, reserved 1048576K
}
Event: 10.956 GC heap before
{Heap before GC invocations=10 (full 0):
 garbage-first heap   total 55296K, used 45073K [0x000000008ca00000, 0x0000000100000000)
  region size 1024K, 23 young (23552K), 2 survivors (2048K)
 Metaspace       used 39437K, committed 40064K, reserved 1114112K
  class space    used 5230K, committed 5504K, reserved 1048576K
}
Event: 10.967 GC heap after
{Heap after GC invocations=11 (full 0):
 garbage-first heap   total 55296K, used 26624K [0x000000008ca00000, 0x0000000100000000)
  region size 1024K, 3 young (3072K), 3 survivors (3072K)
 Metaspace       used 39437K, committed 40064K, reserved 1114112K
  class space    used 5230K, committed 5504K, reserved 1048576K
}
Event: 12.341 GC heap before
{Heap before GC invocations=11 (full 0):
 garbage-first heap   total 55296K, used 47104K [0x000000008ca00000, 0x0000000100000000)
  region size 1024K, 23 young (23552K), 3 survivors (3072K)
 Metaspace       used 42458K, committed 43072K, reserved 1114112K
  class space    used 5730K, committed 6016K, reserved 1048576K
}
Event: 12.351 GC heap after
{Heap after GC invocations=12 (full 0):
 garbage-first heap   total 55296K, used 28635K [0x000000008ca00000, 0x0000000100000000)
  region size 1024K, 3 young (3072K), 3 survivors (3072K)
 Metaspace       used 42458K, committed 43072K, reserved 1114112K
  class space    used 5730K, committed 6016K, reserved 1048576K
}
Event: 13.548 GC heap before
{Heap before GC invocations=12 (full 0):
 garbage-first heap   total 55296K, used 47067K [0x000000008ca00000, 0x0000000100000000)
  region size 1024K, 21 young (21504K), 3 survivors (3072K)
 Metaspace       used 45483K, committed 46144K, reserved 1114112K
  class space    used 6210K, committed 6528K, reserved 1048576K
}
Event: 13.556 GC heap after
{Heap after GC invocations=13 (full 0):
 garbage-first heap   total 55296K, used 31213K [0x000000008ca00000, 0x0000000100000000)
  region size 1024K, 3 young (3072K), 3 survivors (3072K)
 Metaspace       used 45483K, committed 46144K, reserved 1114112K
  class space    used 6210K, committed 6528K, reserved 1048576K
}
Event: 14.180 GC heap before
{Heap before GC invocations=14 (full 0):
 garbage-first heap   total 55296K, used 46573K [0x000000008ca00000, 0x0000000100000000)
  region size 1024K, 19 young (19456K), 3 survivors (3072K)
 Metaspace       used 48019K, committed 48768K, reserved 1114112K
  class space    used 6537K, committed 6912K, reserved 1048576K
}
Event: 14.192 GC heap after
{Heap after GC invocations=15 (full 0):
 garbage-first heap   total 55296K, used 34027K [0x000000008ca00000, 0x0000000100000000)
  region size 1024K, 3 young (3072K), 3 survivors (3072K)
 Metaspace       used 48019K, committed 48768K, reserved 1114112K
  class space    used 6537K, committed 6912K, reserved 1048576K
}
Event: 15.284 GC heap before
{Heap before GC invocations=15 (full 0):
 garbage-first heap   total 55296K, used 47339K [0x000000008ca00000, 0x0000000100000000)
  region size 1024K, 17 young (17408K), 3 survivors (3072K)
 Metaspace       used 51884K, committed 52608K, reserved 1114112K
  class space    used 7087K, committed 7424K, reserved 1048576K
}
Event: 15.294 GC heap after
{Heap after GC invocations=16 (full 0):
 garbage-first heap   total 66560K, used 34917K [0x000000008ca00000, 0x0000000100000000)
  region size 1024K, 2 young (2048K), 2 survivors (2048K)
 Metaspace       used 51884K, committed 52608K, reserved 1114112K
  class space    used 7087K, committed 7424K, reserved 1048576K
}
Event: 60.393 GC heap before
{Heap before GC invocations=16 (full 0):
 garbage-first heap   total 66560K, used 56421K [0x000000008ca00000, 0x0000000100000000)
  region size 1024K, 24 young (24576K), 2 survivors (2048K)
 Metaspace       used 56694K, committed 57536K, reserved 1114112K
  class space    used 7765K, committed 8128K, reserved 1048576K
}
Event: 60.410 GC heap after
{Heap after GC invocations=17 (full 0):
 garbage-first heap   total 66560K, used 37171K [0x000000008ca00000, 0x0000000100000000)
  region size 1024K, 3 young (3072K), 3 survivors (3072K)
 Metaspace       used 56694K, committed 57536K, reserved 1114112K
  class space    used 7765K, committed 8128K, reserved 1048576K
}
Event: 318.658 GC heap before
{Heap before GC invocations=18 (full 0):
 garbage-first heap   total 66560K, used 58675K [0x000000008ca00000, 0x0000000100000000)
  region size 1024K, 24 young (24576K), 3 survivors (3072K)
 Metaspace       used 59409K, committed 60288K, reserved 1114112K
  class space    used 8129K, committed 8512K, reserved 1048576K
}
Event: 318.868 GC heap after
{Heap after GC invocations=19 (full 0):
 garbage-first heap   total 66560K, used 38745K [0x000000008ca00000, 0x0000000100000000)
  region size 1024K, 2 young (2048K), 2 survivors (2048K)
 Metaspace       used 59409K, committed 60288K, reserved 1114112K
  class space    used 8129K, committed 8512K, reserved 1048576K
}

